\BOOKMARK [0][-]{chapter*.1}{\376\377\000P\000r\000e\000f\000\341\000c\000i\000o}{}% 1
\BOOKMARK [0][-]{chapter*.2}{\376\377\000A\000b\000r\000e\000v\000i\000a\000\347\000\365\000e\000s\000\040\000e\000\040\000n\000o\000t\000a\000\347\000\365\000e\000s}{}% 2
\BOOKMARK [-1][-]{part.1}{\376\377\000I\000\040\000F\000u\000n\000d\000a\000m\000e\000n\000t\000o\000s\000\040\000b\000\341\000s\000i\000c\000o\000s}{}% 3
\BOOKMARK [0][-]{chapter.1}{\376\377\000\040\000I\000n\000t\000r\000o\000d\000u\000\347\000\343\000o\000\040\000\340\000\040\000m\000e\000c\000\342\000n\000i\000c\000a\000\040\000q\000u\000\342\000n\000t\000i\000c\000a}{part.1}% 4
\BOOKMARK [1][-]{section.1.1}{\376\377\000E\000s\000p\000a\000\347\000o\000\040\000d\000e\000\040\000H\000i\000l\000b\000e\000r\000t}{chapter.1}% 5
\BOOKMARK [2][-]{subsection.1.1.1}{\376\377\000B\000a\000s\000e\000\040\000o\000r\000t\000o\000n\000o\000r\000m\000a\000l\000\040\000e\000m\000\040\000u\000m\000\040\000e\000s\000p\000a\000\347\000o\000\040\000v\000e\000t\000o\000r\000i\000a\000l\000\040\000e\000u\000c\000l\000i\000d\000i\000a\000n\000o}{section.1.1}% 6
\BOOKMARK [2][-]{subsection.1.1.2}{\376\377\000N\000o\000t\000a\000\347\000\343\000o\000\040\000d\000e\000\040\000D\000i\000r\000a\000c\000\040\000e\000\040\000o\000\040\000e\000s\000p\000a\000\347\000o\000\040\000d\000e\000\040\000b\000r\000a\000-\000k\000e\000t\000s}{section.1.1}% 7
\BOOKMARK [2][-]{subsection.1.1.3}{\376\377\000D\000e\000f\000i\000n\000i\000\347\000\343\000o\000\040\000d\000o\000\040\000e\000s\000p\000a\000\347\000o\000\040\000d\000e\000\040\000H\000i\000l\000b\000e\000r\000t}{section.1.1}% 8
\BOOKMARK [2][-]{subsection.1.1.4}{\376\377\000B\000a\000s\000e\000s\000\040\000c\000o\000n\000t\000\355\000n\000u\000a\000s}{section.1.1}% 9
\BOOKMARK [3][-]{subsubsection*.4}{\376\377\000P\000r\000o\000d\000u\000t\000o\000\040\000e\000s\000c\000a\000l\000a\000r\000\040\000e\000m\000\040\000e\000s\000t\000a\000d\000o\000s\000\040\000c\000o\000n\000t\000\355\000n\000u\000o\000s}{subsection.1.1.4}% 10
\BOOKMARK [3][-]{subsubsection*.5}{\376\377\000V\000e\000t\000o\000r\000\040\000d\000e\000\040\000e\000s\000t\000a\000d\000o\000\040\000e\000\040\000p\000r\000o\000j\000e\000\347\000\343\000o\000\040\000p\000a\000r\000a\000\040\000e\000s\000t\000a\000d\000o\000s\000\040\000c\000o\000n\000t\000\355\000n\000u\000o\000s}{subsection.1.1.4}% 11
\BOOKMARK [3][-]{subsubsection*.6}{\376\377\000I\000n\000t\000r\000o\000d\000u\000\347\000\343\000o\000\040\000a\000o\000\040\000e\000s\000p\000a\000\347\000o\000\040\000d\000e\000\040\000p\000o\000s\000i\000\347\000\365\000e\000s\000\040\000e\000\040\000a\000\040\000f\000u\000n\000\347\000\343\000o\000\040\000d\000e\000\040\000o\000n\000d\000a}{subsection.1.1.4}% 12
\BOOKMARK [3][-]{subsubsection*.7}{\376\377\000C\000o\000n\000d\000i\000\347\000\343\000o\000\040\000d\000e\000\040\000q\000u\000a\000d\000r\000a\000d\000o\000\040\000i\000n\000t\000e\000g\000r\000\341\000v\000e\000l}{subsection.1.1.4}% 13
\BOOKMARK [1][-]{section.1.2}{\376\377\000M\000u\000d\000a\000n\000\347\000a\000\040\000d\000e\000\040\000b\000a\000s\000e}{chapter.1}% 14
\BOOKMARK [1][-]{section.1.3}{\376\377\000O\000p\000e\000r\000a\000d\000o\000r\000e\000s\000\040\000e\000m\000\040\000M\000e\000c\000\342\000n\000i\000c\000a\000\040\000Q\000u\000\342\000n\000t\000i\000c\000a}{chapter.1}% 15
\BOOKMARK [2][-]{subsection.1.3.1}{\376\377\000M\000e\000d\000i\000d\000a\000s\000\040\000e\000m\000\040\000M\000e\000c\000\342\000n\000i\000c\000a\000\040\000Q\000u\000\342\000n\000t\000i\000c\000a}{section.1.3}% 16
\BOOKMARK [2][-]{subsection.1.3.2}{\376\377\000O\000p\000e\000r\000a\000d\000o\000r\000e\000s\000\040\000h\000e\000r\000m\000i\000t\000i\000a\000n\000o\000s}{section.1.3}% 17
\BOOKMARK [2][-]{subsection.1.3.3}{\376\377\000M\000e\000d\000i\000d\000a\000s\000\040\000s\000i\000m\000u\000l\000t\000\342\000n\000e\000a\000s}{section.1.3}% 18
\BOOKMARK [1][-]{section.1.4}{\376\377\000O\000p\000e\000r\000a\000d\000o\000r\000e\000s\000\040\000d\000e\000\040\000p\000o\000s\000i\000\347\000\343\000o\000\040\000e\000\040\000m\000o\000m\000e\000n\000t\000o}{chapter.1}% 19
\BOOKMARK [2][-]{subsection.1.4.1}{\376\377\000O\000\040\000o\000p\000e\000r\000a\000d\000o\000r\000\040\000d\000e\000\040\000p\000o\000s\000i\000\347\000\343\000o}{section.1.4}% 20
\BOOKMARK [2][-]{subsection.1.4.2}{\376\377\000O\000\040\000o\000p\000e\000r\000a\000d\000o\000r\000\040\000d\000e\000\040\000m\000o\000m\000e\000n\000t\000o}{section.1.4}% 21
\BOOKMARK [2][-]{subsection.1.4.3}{\376\377\000O\000\040\000c\000o\000m\000u\000t\000a\000d\000o\000r\000\040\000p\000o\000s\000i\000\347\000\343\000o\040\023\000m\000o\000m\000e\000n\000t\000o}{section.1.4}% 22
\BOOKMARK [1][-]{section.1.5}{\376\377\000M\000u\000d\000a\000n\000\347\000a\000\040\000d\000e\000\040\000b\000a\000s\000e\000\040\000d\000e\000\040\000r\000e\000p\000r\000e\000s\000e\000n\000t\000a\000\347\000\343\000o}{chapter.1}% 23
\BOOKMARK [1][-]{section.1.6}{\376\377\000E\000v\000o\000l\000u\000\347\000\343\000o\000\040\000t\000e\000m\000p\000o\000r\000a\000l}{chapter.1}% 24
\BOOKMARK [2][-]{subsection.1.6.1}{\376\377\000D\000e\000s\000c\000r\000i\000\347\000\343\000o\000\040\000d\000e\000\040\000S\000c\000h\000r\000\366\000d\000i\000n\000g\000e\000r}{section.1.6}% 25
\BOOKMARK [2][-]{subsection.1.6.2}{\376\377\000D\000e\000s\000c\000r\000i\000\347\000\343\000o\000\040\000d\000e\000\040\000H\000e\000i\000s\000e\000n\000b\000e\000r\000g}{section.1.6}% 26
\BOOKMARK [1][-]{section.1.7}{\376\377\000R\000e\000l\000a\000\347\000\343\000o\000\040\000d\000e\000\040\000i\000n\000c\000e\000r\000t\000e\000z\000a\000\040\000e\000n\000t\000r\000e\000\040\000e\000n\000e\000r\000g\000i\000a\040\023\000t\000e\000m\000p\000o}{chapter.1}% 27
\BOOKMARK [1][-]{section.1.7}{\376\377\000L\000e\000i\000t\000u\000r\000a\000\040\000c\000o\000m\000p\000l\000e\000m\000e\000n\000t\000a\000r}{chapter.1}% 28
\BOOKMARK [1][-]{section.1.7}{\376\377\000E\000x\000e\000r\000c\000\355\000c\000i\000o\000s}{chapter.1}% 29
\BOOKMARK [0][-]{chapter.2}{\376\377\000\040\000A\000p\000l\000i\000c\000a\000\347\000\365\000e\000s\000\040\000d\000o\000s\000\040\000c\000o\000n\000c\000e\000i\000t\000o\000s\000\040\000b\000\341\000s\000i\000c\000o\000s}{part.1}% 30
\BOOKMARK [1][-]{section.2.1}{\376\377\000E\000x\000p\000e\000r\000i\000m\000e\000n\000t\000o\000\040\000d\000e\000\040\000S\000t\000e\000r\000n\040\023\000G\000e\000r\000l\000a\000c\000h}{chapter.2}% 31
\BOOKMARK [2][-]{subsection.2.1.1}{\376\377\000O\000p\000e\000r\000a\000d\000o\000r\000e\000s\000\040\000d\000e\000\040\000d\000i\000p\000o\000l\000o\000\040\000m\000a\000g\000n\000\351\000t\000i\000c\000o}{section.2.1}% 32
\BOOKMARK [1][-]{section.2.2}{\376\377\000D\000e\000t\000e\000c\000\347\000\343\000o\000\040\000d\000e\000\040\000n\000e\000u\000t\000r\000i\000n\000o\000s}{chapter.2}% 33
\BOOKMARK [2][-]{subsection.2.2.1}{\376\377\000E\000x\000p\000e\000r\000i\000m\000e\000n\000t\000o\000\040\000d\000e\000\040\000R\000e\000i\000n\000e\000s\040\023\000C\000o\000w\000a\000n\000\040\000\050\0001\0009\0005\0003\000\051}{section.2.2}% 34
\BOOKMARK [2][-]{subsection.2.2.2}{\376\377\000E\000x\000p\000e\000r\000i\000m\000e\000n\000t\000o\000\040\000d\000e\000\040\000H\000o\000m\000e\000s\000t\000a\000k\000e\000\040\000\050\0001\0009\0005\0003\000\051}{section.2.2}% 35
\BOOKMARK [2][-]{subsection.2.2.3}{\376\377\000S\000u\000p\000e\000r\040\023\000K\000\040\000e\000\040\000S\000N\000O\000\040\000\050\0002\0000\0000\0001\000\051}{section.2.2}% 36
\BOOKMARK [2][-]{subsection.2.2.4}{\376\377\000M\000u\000n\000d\000o\000\040\000s\000i\000m\000p\000l\000i\000f\000i\000c\000a\000d\000o\000:\000\040\0002\000\040\000t\000i\000p\000o\000s\000\040\000d\000e\000\040\000n\000e\000u\000t\000r\000i\000n\000o\000s}{section.2.2}% 37
\BOOKMARK [1][-]{section.2.3}{\376\377\000O\000\040\000o\000s\000c\000i\000l\000a\000d\000o\000r\000\040\000h\000a\000r\000m\000\364\000n\000i\000c\000o}{chapter.2}% 38
\BOOKMARK [2][-]{subsection.2.3.1}{\376\377\000O\000s\000c\000i\000l\000a\000d\000o\000r\000\040\000h\000a\000r\000m\000\364\000n\000i\000c\000o\000\040\000c\000l\000\341\000s\000s\000i\000c\000o}{section.2.3}% 39
\BOOKMARK [2][-]{subsection.2.3.2}{\376\377\000O\000s\000c\000i\000l\000a\000d\000o\000r\000\040\000h\000a\000r\000m\000\364\000n\000i\000c\000o\000\040\000q\000u\000\342\000n\000t\000i\000c\000o}{section.2.3}% 40
\BOOKMARK [2][-]{subsection.2.3.3}{\376\377\000A\000\040\000f\000u\000n\000\347\000\343\000o\000\040\000d\000e\000\040\000o\000n\000d\000a}{section.2.3}% 41
\BOOKMARK [1][-]{subsection.2.3.3}{\376\377\000L\000e\000i\000t\000u\000r\000a\000\040\000c\000o\000m\000p\000l\000e\000m\000e\000n\000t\000a\000r}{chapter.2}% 42
\BOOKMARK [1][-]{subsection.2.3.3}{\376\377\000E\000x\000e\000r\000c\000\355\000c\000i\000o\000s}{chapter.2}% 43
\BOOKMARK [-1][-]{part.2}{\376\377\000I\000I\000\040\000F\000u\000n\000d\000a\000m\000e\000n\000t\000o\000s\000\040\000I\000n\000t\000e\000r\000m\000e\000d\000i\000\341\000r\000i\000o\000s}{}% 44
\BOOKMARK [0][-]{chapter.3}{\376\377\000\040\000M\000e\000c\000\342\000n\000i\000c\000a\000\040\000Q\000u\000\342\000n\000t\000i\000c\000a\000\040\000e\000m\000\040\0003\000D}{part.2}% 45
\BOOKMARK [0][-]{chapter.4}{\376\377\000\040\000S\000i\000s\000t\000e\000m\000a\000s\000\040\000d\000e\000\040\000p\000a\000r\000t\000\355\000c\000u\000l\000a\000s\000\040\000i\000d\000\352\000n\000t\000i\000c\000a\000s}{part.2}% 46
\BOOKMARK [0][-]{chapter.5}{\376\377\000\040\000T\000e\000o\000r\000i\000a\000\040\000d\000e\000\040\000p\000e\000r\000t\000u\000r\000b\000a\000\347\000\343\000o}{part.2}% 47
\BOOKMARK [1][-]{section.5.1}{\376\377\000I\000n\000d\000e\000p\000e\000n\000d\000e\000n\000t\000e\000\040\000d\000o\000\040\000t\000e\000m\000p\000o}{chapter.5}% 48
\BOOKMARK [1][-]{section.5.2}{\376\377\000D\000e\000p\000e\000n\000d\000e\000n\000t\000e\000\040\000d\000o\000\040\000t\000e\000m\000p\000o}{chapter.5}% 49
\BOOKMARK [-1][-]{part.3}{\376\377\000I\000I\000I\000\040\000F\000u\000n\000d\000a\000m\000e\000n\000t\000o\000s\000\040\000A\000v\000a\000n\000\347\000a\000d\000o\000s}{}% 50
\BOOKMARK [0][-]{chapter.6}{\376\377\000\040\000M\000e\000c\000\342\000n\000i\000c\000a\000\040\000q\000u\000\342\000n\000t\000i\000c\000a\000\040\000r\000e\000l\000a\000t\000i\000v\000\355\000s\000t\000i\000c\000a}{part.3}% 51
\BOOKMARK [1][-]{section.6.1}{\376\377\000S\000i\000s\000t\000e\000m\000a\000s\000\040\000d\000e\000\040\000u\000n\000i\000d\000a\000d\000e\000s\000\040\000n\000a\000t\000u\000r\000a\000i\000s}{chapter.6}% 52
\BOOKMARK [1][-]{section.6.2}{\376\377\000R\000e\000c\000o\000r\000d\000a\000n\000d\000o\000\040\000r\000e\000l\000a\000t\000i\000v\000i\000d\000a\000d\000e\000\040\000r\000e\000s\000t\000r\000i\000t\000a}{chapter.6}% 53
\BOOKMARK [2][-]{subsection.6.2.1}{\376\377\000T\000r\000a\000n\000s\000f\000o\000r\000m\000a\000\347\000\365\000e\000s\000\040\000d\000e\000\040\000L\000o\000r\000e\000n\000t\000z}{section.6.2}% 54
\BOOKMARK [1][-]{section.6.3}{\376\377\000A\000\040\000e\000q\000u\000a\000\347\000\343\000o\000\040\000d\000e\000\040\000K\000l\000e\000i\000n\040\023\000F\000o\000c\000k\040\023\000G\000o\000r\000d\000o\000n}{chapter.6}% 55
\BOOKMARK [1][-]{section.6.4}{\376\377\000A\000\040\000e\000q\000u\000a\000\347\000\343\000o\000\040\000d\000e\000\040\000D\000i\000r\000a\000c}{chapter.6}% 56
\BOOKMARK [-1][-]{part.4}{\376\377\000I\000V\000\040\000D\000e\000s\000e\000n\000h\000o\000s\000\040\000\050\000A\000p\000a\000g\000a\000r\000\040\000i\000s\000s\000o\000\051}{}% 57
\BOOKMARK [0][-]{chapter*.9}{\376\377\000B\000i\000b\000l\000i\000o\000g\000r\000a\000f\000i\000a}{part.4}% 58
